生成启动时间为 2016-10-13 18:21:17。
     1>项目“D:\czy_blog\czyBlog\08_typeCheck\src\typeCheck\typeCheck\typeCheck.vcxproj”在节点 2 上(build 个目标)。
     1>InitializeBuildStatus:
         正在创建“Debug\typeCheck.unsuccessfulbuild”，因为已指定“AlwaysCreate”。
       ClCompile:
         所有输出均为最新。
         E:\Program Files\Microsoft Visual Studio 10.0\VC\bin\CL.exe /c /ZI /nologo /W3 /WX- /Od /Oy- /D WIN32 /D _DEBUG /D _CONSOLE /D _UNICODE /D UNICODE /Gm /EHsc /RTC1 /MDd /GS /fp:precise /Zc:wchar_t /Zc:forScope /Yu"StdAfx.h" /Fp"Debug\typeCheck.pch" /Fo"Debug\\" /Fd"Debug\vc100.pdb" /Gd /TP /analyze- /errorReport:prompt typeCheck.cpp
         typeCheck.cpp
       ManifestResourceCompile:
         所有输出均为最新。
       Link:
         E:\Program Files\Microsoft Visual Studio 10.0\VC\bin\link.exe /ERRORREPORT:PROMPT /OUT:"D:\czy_blog\czyBlog\08_typeCheck\src\typeCheck\Debug\typeCheck.exe" /INCREMENTAL /NOLOGO kernel32.lib user32.lib gdi32.lib winspool.lib comdlg32.lib advapi32.lib shell32.lib ole32.lib oleaut32.lib uuid.lib odbc32.lib odbccp32.lib /MANIFEST /ManifestFile:"Debug\typeCheck.exe.intermediate.manifest" /MANIFESTUAC:"level='asInvoker' uiAccess='false'" /DEBUG /PDB:"D:\czy_blog\czyBlog\08_typeCheck\src\typeCheck\Debug\typeCheck.pdb" /SUBSYSTEM:CONSOLE /TLBID:1 /DYNAMICBASE /NXCOMPAT /IMPLIB:"D:\czy_blog\czyBlog\08_typeCheck\src\typeCheck\Debug\typeCheck.lib" /MACHINE:X86 Debug\typeCheck.exe.embed.manifest.res
         Debug\stdafx.obj
         Debug\typeCheck.obj
       Manifest:
         C:\Program Files\Microsoft SDKs\Windows\v7.0A\bin\mt.exe /nologo /verbose /out:"Debug\typeCheck.exe.embed.manifest" /manifest Debug\typeCheck.exe.intermediate.manifest
         所有输出均为最新。
       LinkEmbedManifest:
         所有输出均为最新。
         typeCheck.vcxproj -> D:\czy_blog\czyBlog\08_typeCheck\src\typeCheck\Debug\typeCheck.exe
       FinalizeBuildStatus:
         正在删除文件“Debug\typeCheck.unsuccessfulbuild”。
         正在对“Debug\typeCheck.lastbuildstate”执行 Touch 任务。
     1>已完成生成项目“D:\czy_blog\czyBlog\08_typeCheck\src\typeCheck\typeCheck\typeCheck.vcxproj”(build 个目标)的操作。

生成成功。

已用时间 00:00:00.93
